<?xml version="1.0" encoding="UTF-8"?>
<!-- Generated by org.testng.reporters.JUnitXMLReporter -->
<testsuite ignored="2" hostname="DESKTOP-085G5CL" failures="0" tests="3" name="Test" time="0.069" errors="0" timestamp="2026-07-15T15:49:25 IST">
  <testcase classname="com.configEx.CreateContactTest" name="createContact" time="0.006"/>
  <testcase classname="com.configEx2.createtOrgTest" name="createOrgWithIndustry" time="0.003"/>
  <testcase classname="com.configEx2.createtOrgTest" name="createorgTest" time="0.001"/>
  <testcase classname="com.crm.generic.baseUtility.BaseClass" name="@BeforeSuite configBs" time="0.0">
    <ignored/>
  </testcase> <!-- @BeforeSuite configBs -->
  <testcase classname="com.crm.generic.baseUtility.BaseClass" name="@AfterSuite configAs" time="0.0">
    <ignored/>
  </testcase> <!-- @AfterSuite configAs -->
</testsuite> <!-- Test -->
