<?xml version="1.0" encoding="UTF-8"?>
<testng-results ignored="0" total="1" passed="1" failed="0" skipped="0">
  <reporter-output>
  </reporter-output>
  <suite started-at="2026-07-15T15:59:03 IST" name="Default suite" finished-at="2026-07-15T15:59:03 IST" duration-ms="40">
    <groups>
    </groups>
    <test started-at="2026-07-15T15:59:03 IST" name="Default test" finished-at="2026-07-15T15:59:03 IST" duration-ms="40">
      <class name="com.configEx.CreateContactTest">
        <test-method is-config="true" signature="configBs()[pri:0, instance:com.configEx.CreateContactTest@15de0b3c]" started-at="2026-07-15T15:59:03 IST" name="configBs" finished-at="2026-07-15T15:59:03 IST" duration-ms="9" status="PASS">
          <reporter-output>
          </reporter-output>
        </test-method> <!-- configBs -->
        <test-method is-config="true" signature="configClass()[pri:0, instance:com.configEx.CreateContactTest@15de0b3c]" started-at="2026-07-15T15:59:03 IST" name="configClass" finished-at="2026-07-15T15:59:03 IST" duration-ms="1" status="PASS">
          <reporter-output>
          </reporter-output>
        </test-method> <!-- configClass -->
        <test-method is-config="true" signature="configBM()[pri:0, instance:com.configEx.CreateContactTest@15de0b3c]" started-at="2026-07-15T15:59:03 IST" name="configBM" finished-at="2026-07-15T15:59:03 IST" duration-ms="0" status="PASS">
          <reporter-output>
          </reporter-output>
        </test-method> <!-- configBM -->
        <test-method signature="createContact()[pri:0, instance:com.configEx.CreateContactTest@15de0b3c]" started-at="2026-07-15T15:59:03 IST" name="createContact" finished-at="2026-07-15T15:59:03 IST" duration-ms="6" status="PASS">
          <reporter-output>
          </reporter-output>
        </test-method> <!-- createContact -->
        <test-method is-config="true" signature="configAM()[pri:0, instance:com.configEx.CreateContactTest@15de0b3c]" started-at="2026-07-15T15:59:03 IST" name="configAM" finished-at="2026-07-15T15:59:03 IST" duration-ms="0" status="PASS">
          <reporter-output>
          </reporter-output>
        </test-method> <!-- configAM -->
        <test-method is-config="true" signature="configClass1()[pri:0, instance:com.configEx.CreateContactTest@15de0b3c]" started-at="2026-07-15T15:59:03 IST" name="configClass1" finished-at="2026-07-15T15:59:03 IST" duration-ms="0" status="PASS">
          <reporter-output>
          </reporter-output>
        </test-method> <!-- configClass1 -->
        <test-method is-config="true" signature="configAs()[pri:0, instance:com.configEx.CreateContactTest@15de0b3c]" started-at="2026-07-15T15:59:03 IST" name="configAs" finished-at="2026-07-15T15:59:03 IST" duration-ms="1" status="PASS">
          <reporter-output>
          </reporter-output>
        </test-method> <!-- configAs -->
      </class> <!-- com.configEx.CreateContactTest -->
    </test> <!-- Default test -->
  </suite> <!-- Default suite -->
</testng-results>
