<?xml version="1.0" encoding="UTF-8"?>
<!-- Generated by org.testng.reporters.JUnitReportReporter -->
<testsuite hostname="DESKTOP-085G5CL" failures="0" tests="11" name="practice.testng.InvocOrderTest" time="0.022" errors="0" timestamp="2026-07-14T12:58:20 IST" skipped="1">
  <testcase classname="practice.testng.InvocOrderTest" name="createOrderTest" time="0.001"/>
  <testcase classname="practice.testng.InvocOrderTest" name="createOrderTest" time="0.001"/>
  <testcase classname="practice.testng.InvocOrderTest" name="createOrderTest" time="0.002"/>
  <testcase classname="practice.testng.InvocOrderTest" name="createOrderTest" time="0.001"/>
  <testcase classname="practice.testng.InvocOrderTest" name="createOrderTest" time="0.002"/>
  <testcase classname="practice.testng.InvocOrderTest" name="createOrderTest" time="0.001"/>
  <testcase classname="practice.testng.InvocOrderTest" name="createOrderTest" time="0.002"/>
  <testcase classname="practice.testng.InvocOrderTest" name="createOrderTest" time="0.010"/>
  <testcase classname="practice.testng.InvocOrderTest" name="createOrderTest" time="0.001"/>
  <testcase classname="practice.testng.InvocOrderTest" name="createOrderTest" time="0.001"/>
  <testcase classname="practice.testng.InvocOrderTest" name="billingOrder">
    <skipped/>
  </testcase> <!-- billingOrder -->
</testsuite> <!-- practice.testng.InvocOrderTest -->
