<?xml version="1.0" encoding="UTF-8"?>
<!-- Generated by org.testng.reporters.JUnitReportReporter -->
<testsuite hostname="DESKTOP-085G5CL" failures="0" tests="2" name="com.configEx2.createtOrgTest$CreateContactTest" time="0.006" errors="0" timestamp="2026-07-15T15:37:47 IST" skipped="0">
  <testcase classname="com.configEx2.createtOrgTest$CreateContactTest" name="createorgTest" time="0.001"/>
  <testcase classname="com.configEx2.createtOrgTest$CreateContactTest" name="createOrgWithIndustry" time="0.005"/>
</testsuite> <!-- com.configEx2.createtOrgTest$CreateContactTest -->
