<?xml version="1.0" encoding="UTF-8"?>
<!-- Generated by org.testng.reporters.JUnitReportReporter -->
<testsuite hostname="DESKTOP-085G5CL" failures="0" tests="3" name="practice.testng.CreateContact_DP_Test" time="0.025" errors="0" timestamp="2026-07-15T10:15:11 IST" skipped="0">
  <testcase classname="practice.testng.CreateContact_DP_Test" name="createContactTest" time="0.005"/>
  <testcase classname="practice.testng.CreateContact_DP_Test" name="createContactTest" time="0.002"/>
  <testcase classname="practice.testng.CreateContact_DP_Test" name="createContactTest" time="0.018"/>
</testsuite> <!-- practice.testng.CreateContact_DP_Test -->
