<?xml version="1.0" encoding="UTF-8"?>
<!-- Generated by org.testng.reporters.JUnitReportReporter -->
<testsuite hostname="DESKTOP-085G5CL" failures="0" tests="3" name="practice.testng.ContactTest" time="0.018" errors="0" timestamp="2026-07-14T12:09:45 IST" skipped="0">
  <testcase classname="practice.testng.ContactTest" name="createContactTest" time="0.013"/>
  <testcase classname="practice.testng.ContactTest" name="deleteContactTest" time="0.002"/>
  <testcase classname="practice.testng.ContactTest" name="modifyContactTest" time="0.003"/>
</testsuite> <!-- practice.testng.ContactTest -->
