<?xml version="1.0" encoding="UTF-8"?>
<!-- Generated by org.testng.reporters.JUnitReportReporter -->
<testsuite hostname="DESKTOP-085G5CL" failures="0" tests="3" name="practice.testng.SampleTest" time="0.017" errors="0" timestamp="2026-07-14T11:20:08 IST" skipped="0">
  <testcase classname="practice.testng.SampleTest" name="createContactWithPhone" time="0.003"/>
  <testcase classname="practice.testng.SampleTest" name="createcontactWithMobileNumberTest" time="0.001"/>
  <testcase classname="practice.testng.SampleTest" name="createContactTest" time="0.013"/>
</testsuite> <!-- practice.testng.SampleTest -->
